mode: set
github.com/notirawap/bookings/internal/handlers/handlers.go:29.62,34.2 1 1
github.com/notirawap/bookings/internal/handlers/handlers.go:37.51,42.2 1 1
github.com/notirawap/bookings/internal/handlers/handlers.go:45.33,47.2 1 1
github.com/notirawap/bookings/internal/handlers/handlers.go:52.67,57.2 3 1
github.com/notirawap/bookings/internal/handlers/handlers.go:59.68,71.2 5 1
github.com/notirawap/bookings/internal/handlers/handlers.go:74.70,76.2 1 1
github.com/notirawap/bookings/internal/handlers/handlers.go:79.71,81.2 1 1
github.com/notirawap/bookings/internal/handlers/handlers.go:84.69,86.2 1 1
github.com/notirawap/bookings/internal/handlers/handlers.go:89.75,91.2 1 1
github.com/notirawap/bookings/internal/handlers/handlers.go:94.79,97.16 2 1
github.com/notirawap/bookings/internal/handlers/handlers.go:97.16,101.3 3 1
github.com/notirawap/bookings/internal/handlers/handlers.go:105.2,113.16 5 1
github.com/notirawap/bookings/internal/handlers/handlers.go:113.16,117.3 3 1
github.com/notirawap/bookings/internal/handlers/handlers.go:118.2,119.16 2 1
github.com/notirawap/bookings/internal/handlers/handlers.go:119.16,123.3 3 1
github.com/notirawap/bookings/internal/handlers/handlers.go:126.2,127.16 2 1
github.com/notirawap/bookings/internal/handlers/handlers.go:127.16,131.3 3 1
github.com/notirawap/bookings/internal/handlers/handlers.go:133.2,133.21 1 1
github.com/notirawap/bookings/internal/handlers/handlers.go:133.21,137.3 3 1
github.com/notirawap/bookings/internal/handlers/handlers.go:140.2,156.4 5 1
github.com/notirawap/bookings/internal/handlers/handlers.go:160.73,168.16 3 1
github.com/notirawap/bookings/internal/handlers/handlers.go:168.16,172.3 3 1
github.com/notirawap/bookings/internal/handlers/handlers.go:176.2,177.9 2 1
github.com/notirawap/bookings/internal/handlers/handlers.go:177.9,181.3 3 1
github.com/notirawap/bookings/internal/handlers/handlers.go:185.2,189.63 3 1
github.com/notirawap/bookings/internal/handlers/handlers.go:193.74,196.9 2 1
github.com/notirawap/bookings/internal/handlers/handlers.go:196.9,200.3 3 1
github.com/notirawap/bookings/internal/handlers/handlers.go:203.2,204.16 2 1
github.com/notirawap/bookings/internal/handlers/handlers.go:204.16,208.3 3 1
github.com/notirawap/bookings/internal/handlers/handlers.go:209.2,226.4 10 1
github.com/notirawap/bookings/internal/handlers/handlers.go:230.78,233.16 2 1
github.com/notirawap/bookings/internal/handlers/handlers.go:233.16,237.3 3 1
github.com/notirawap/bookings/internal/handlers/handlers.go:240.2,241.9 2 1
github.com/notirawap/bookings/internal/handlers/handlers.go:241.9,245.3 3 1
github.com/notirawap/bookings/internal/handlers/handlers.go:248.2,266.19 9 1
github.com/notirawap/bookings/internal/handlers/handlers.go:266.19,288.3 10 1
github.com/notirawap/bookings/internal/handlers/handlers.go:292.2,293.16 2 1
github.com/notirawap/bookings/internal/handlers/handlers.go:293.16,297.3 3 1
github.com/notirawap/bookings/internal/handlers/handlers.go:300.2,308.16 3 1
github.com/notirawap/bookings/internal/handlers/handlers.go:308.16,312.3 3 1
github.com/notirawap/bookings/internal/handlers/handlers.go:315.2,318.66 2 1
github.com/notirawap/bookings/internal/handlers/handlers.go:322.81,327.9 2 1
github.com/notirawap/bookings/internal/handlers/handlers.go:327.9,331.3 3 1
github.com/notirawap/bookings/internal/handlers/handlers.go:334.2,351.4 9 1
github.com/notirawap/bookings/internal/handlers/handlers.go:367.79,371.16 2 1
github.com/notirawap/bookings/internal/handlers/handlers.go:371.16,380.3 5 1
github.com/notirawap/bookings/internal/handlers/handlers.go:383.2,392.16 8 1
github.com/notirawap/bookings/internal/handlers/handlers.go:392.16,401.3 5 1
github.com/notirawap/bookings/internal/handlers/handlers.go:404.2,417.14 4 1
github.com/notirawap/bookings/internal/handlers/handlers.go:421.71,434.16 8 1
github.com/notirawap/bookings/internal/handlers/handlers.go:434.16,438.3 3 1
github.com/notirawap/bookings/internal/handlers/handlers.go:441.2,449.63 7 1
